Using pre-set license
Built from '2020.3/staging' branch; Version is '2020.3.25f1 (9b9180224418) revision 10195328'; Using compiler version '192528614'; Build Type 'Release'
OS: 'Windows 10  (10.0.19041) 64bit Professional' Language: 'es' Physical Memory: 16244 MB
BatchMode: 1, IsHumanControllingUs: 0, StartBugReporterOnCrash: 0, Is64bit: 1, IsPro: 0

COMMAND LINE ARGUMENTS:
C:\Program Files\Unity\Hub\Editor\2020.3.25f1\Editor\Unity.exe
-adb2
-batchMode
-noUpm
-name
AssetImportWorker0
-projectPath
C:/Users/Toshiro/Desktop/DrNetCaza/Proyect-DRnet
-logFile
Logs/AssetImportWorker0.log
-srvPort
60853
Successfully changed project path to: C:/Users/Toshiro/Desktop/DrNetCaza/Proyect-DRnet
C:/Users/Toshiro/Desktop/DrNetCaza/Proyect-DRnet
Using Asset Import Pipeline V2.
Refreshing native plugins compatible for Editor in 46.82 ms, found 2 plugins.
Preloading 0 native plugins for Editor in 0.00 ms.
Initialize engine version: 2020.3.25f1 (9b9180224418)
[Subsystems] Discovering subsystems at path C:/Program Files/Unity/Hub/Editor/2020.3.25f1/Editor/Data/Resources/UnitySubsystems
[Subsystems] Discovering subsystems at path C:/Users/Toshiro/Desktop/DrNetCaza/Proyect-DRnet/Assets
GfxDevice: creating device client; threaded=0
Direct3D:
    Version:  Direct3D 11.0 [level 11.1]
    Renderer: NVIDIA GeForce GTX 970 (ID=0x13c2)
    Vendor:   
    VRAM:     4043 MB
    Driver:   27.21.14.5671
Initialize mono
Mono path[0] = 'C:/Program Files/Unity/Hub/Editor/2020.3.25f1/Editor/Data/Managed'
Mono path[1] = 'C:/Program Files/Unity/Hub/Editor/2020.3.25f1/Editor/Data/MonoBleedingEdge/lib/mono/unityjit'
Mono config path = 'C:/Program Files/Unity/Hub/Editor/2020.3.25f1/Editor/Data/MonoBleedingEdge/etc'
Using monoOptions --debugger-agent=transport=dt_socket,embedding=1,server=y,suspend=n,address=127.0.0.1:56856
Begin MonoManager ReloadAssembly
Registering precompiled unity dll's ...
Register platform support module: C:/Program Files/Unity/Hub/Editor/2020.3.25f1/Editor/Data/PlaybackEngines/WindowsStandaloneSupport/UnityEditor.WindowsStandalone.Extensions.dll
Registered in 0.005690 seconds.
Native extension for WindowsStandalone target not found
Refreshing native plugins compatible for Editor in 38.02 ms, found 2 plugins.
Preloading 0 native plugins for Editor in 0.00 ms.
Mono: successfully reloaded assembly
- Completed reload, in  0.733 seconds
Domain Reload Profiling:
	ReloadAssembly (733ms)
		BeginReloadAssembly (78ms)
			ExecutionOrderSort (0ms)
			DisableScriptedObjects (0ms)
			BackupInstance (0ms)
			ReleaseScriptingObjects (0ms)
			CreateAndSetChildDomain (1ms)
		EndReloadAssembly (561ms)
			LoadAssemblies (75ms)
			RebuildTransferFunctionScriptingTraits (0ms)
			SetupTypeCache (211ms)
			ReleaseScriptCaches (0ms)
			RebuildScriptCaches (34ms)
			SetupLoadedEditorAssemblies (193ms)
				LogAssemblyErrors (0ms)
				InitializePlatformSupportModulesInManaged (6ms)
				SetLoadedEditorAssemblies (0ms)
				RefreshPlugins (38ms)
				BeforeProcessingInitializeOnLoad (24ms)
				ProcessInitializeOnLoadAttributes (93ms)
				ProcessInitializeOnLoadMethodAttributes (30ms)
				AfterProcessingInitializeOnLoad (0ms)
				EditorAssembliesLoaded (0ms)
			ExecutionOrderSort2 (0ms)
			AwakeInstancesAfterBackupRestoration (0ms)
Platform modules already initialized, skipping
Registering precompiled user dll's ...
Registered in 0.007130 seconds.
Begin MonoManager ReloadAssembly
Native extension for WindowsStandalone target not found
Refreshing native plugins compatible for Editor in 0.37 ms, found 2 plugins.
Preloading 0 native plugins for Editor in 0.00 ms.
Mono: successfully reloaded assembly
- Completed reload, in  1.245 seconds
Domain Reload Profiling:
	ReloadAssembly (1246ms)
		BeginReloadAssembly (231ms)
			ExecutionOrderSort (0ms)
			DisableScriptedObjects (5ms)
			BackupInstance (0ms)
			ReleaseScriptingObjects (0ms)
			CreateAndSetChildDomain (68ms)
		EndReloadAssembly (938ms)
			LoadAssemblies (118ms)
			RebuildTransferFunctionScriptingTraits (0ms)
			SetupTypeCache (322ms)
			ReleaseScriptCaches (0ms)
			RebuildScriptCaches (47ms)
			SetupLoadedEditorAssemblies (355ms)
				LogAssemblyErrors (0ms)
				InitializePlatformSupportModulesInManaged (6ms)
				SetLoadedEditorAssemblies (1ms)
				RefreshPlugins (0ms)
				BeforeProcessingInitializeOnLoad (92ms)
				ProcessInitializeOnLoadAttributes (232ms)
				ProcessInitializeOnLoadMethodAttributes (11ms)
				AfterProcessingInitializeOnLoad (12ms)
				EditorAssembliesLoaded (0ms)
			ExecutionOrderSort2 (0ms)
			AwakeInstancesAfterBackupRestoration (7ms)
Platform modules already initialized, skipping
========================================================================
Worker process is ready to serve import requests
Launched and connected shader compiler UnityShaderCompiler.exe after 0.07 seconds
Refreshing native plugins compatible for Editor in 0.33 ms, found 2 plugins.
Preloading 0 native plugins for Editor in 0.00 ms.
Unloading 1500 Unused Serialized files (Serialized files now loaded: 0)
System memory in use before: 67.5 MB.
System memory in use after: 67.5 MB.

Unloading 19 unused Assets to reduce memory usage. Loaded Objects now: 1932.
Total: 3.310100 ms (FindLiveObjects: 0.255100 ms CreateObjectMapping: 0.064800 ms MarkObjects: 2.885900 ms  DeleteObjects: 0.093400 ms)

AssetImportParameters requested are different than current active one (requested -> active):
  custom:framework-win-MediaFoundation: 216162199b28c13a410421893ffa2e32 -> 
  custom:video-decoder-ogg-theora: a1e56fd34408186e4bbccfd4996cb3dc -> 
  custom:container-muxer-webm: aa71ff27fc2769a1b78a27578f13a17b -> 
  custom:container-demuxer-webm: 4f35f7cbe854078d1ac9338744f61a02 -> 
  custom:container-demuxer-ogg: 62fdf1f143b41e24485cea50d1cbac27 -> 
  custom:video-encoder-webm-vp8: eb34c28f22e8b96e1ab97ce403110664 -> 
  custom:video-decoder-webm-vp8: 9c59270c3fd7afecdb556c50c9e8de78 -> 
  custom:audio-decoder-ogg-vorbis: bf7c407c2cedff20999df2af8eb42d56 -> 
  custom:audio-encoder-webm-vorbis: bf7c407c2cedff20999df2af8eb42d56 -> 
========================================================================
Received Import Request.
  path: Assets/Scenes/Materials
  artifactKey: Guid(a7082dfadd33e84488f44c7419d9f319) Importer(815301076,1909f56bfc062723c751e8b465ee728b)
Start importing Assets/Scenes/Materials using Guid(a7082dfadd33e84488f44c7419d9f319) Importer(815301076,1909f56bfc062723c751e8b465ee728b)  -> (artifact id: '540bb3e9cf823dd1e0fd95f9430e568d') in 0.006777 seconds 
  Import took 0.009408 seconds .

========================================================================
Received Import Request.
  Time since last request: 0.000337 seconds.
  path: Assets/Scenes
  artifactKey: Guid(92ba4b238f8d3b243a22290939553463) Importer(815301076,1909f56bfc062723c751e8b465ee728b)
Start importing Assets/Scenes using Guid(92ba4b238f8d3b243a22290939553463) Importer(815301076,1909f56bfc062723c751e8b465ee728b)  -> (artifact id: '958c189ab0ccee40a15f07a8630392e6') in 0.002514 seconds 
  Import took 0.004516 seconds .

========================================================================
Received Import Request.
  Time since last request: 196.469153 seconds.
  path: Assets/Scenes/Materials/SandarFlor.mat
  artifactKey: Guid(48f562cb052a2e04db293cd6e6a06d1e) Importer(815301076,1909f56bfc062723c751e8b465ee728b)
Start importing Assets/Scenes/Materials/SandarFlor.mat using Guid(48f562cb052a2e04db293cd6e6a06d1e) Importer(815301076,1909f56bfc062723c751e8b465ee728b)  -> (artifact id: '9020745c72ffdac2d0babfa537292f13') in 0.156084 seconds 
  Import took 0.161236 seconds .

========================================================================
Received Import Request.
  Time since last request: 14.889484 seconds.
  path: Assets/Scenes/Materials/Grass.mat
  artifactKey: Guid(6ed1b7d22dcdabf4897c381edf2b9beb) Importer(815301076,1909f56bfc062723c751e8b465ee728b)
Start importing Assets/Scenes/Materials/Grass.mat using Guid(6ed1b7d22dcdabf4897c381edf2b9beb) Importer(815301076,1909f56bfc062723c751e8b465ee728b)  -> (artifact id: 'e526f153ffe0d122921e609702bd0cc6') in 0.011901 seconds 
  Import took 0.014959 seconds .

========================================================================
Received Import Request.
  Time since last request: 14.159925 seconds.
  path: Assets/Scenes/Materials/BaisFlor.mat
  artifactKey: Guid(48f562cb052a2e04db293cd6e6a06d1e) Importer(815301076,1909f56bfc062723c751e8b465ee728b)
Start importing Assets/Scenes/Materials/BaisFlor.mat using Guid(48f562cb052a2e04db293cd6e6a06d1e) Importer(815301076,1909f56bfc062723c751e8b465ee728b)  -> (artifact id: 'd47dbc64132afdce0aaa75922334d3c0') in 0.015440 seconds 
  Import took 0.019161 seconds .

========================================================================
Received Import Request.
  Time since last request: 265.922818 seconds.
  path: Assets/Scenes/Materials/Hojas.mat
  artifactKey: Guid(e83fb4edcd61cbb44ad4cee99e47f5e9) Importer(815301076,1909f56bfc062723c751e8b465ee728b)
Start importing Assets/Scenes/Materials/Hojas.mat using Guid(e83fb4edcd61cbb44ad4cee99e47f5e9) Importer(815301076,1909f56bfc062723c751e8b465ee728b)  -> (artifact id: 'd214b40b537dab53c97cd135470d82f4') in 0.014164 seconds 
  Import took 0.017697 seconds .

========================================================================
Received Import Request.
  Time since last request: 34.037333 seconds.
  path: Assets/Scenes/Materials/troncos.mat
  artifactKey: Guid(ee9882db69e67c544b1ec12e6245ed5a) Importer(815301076,1909f56bfc062723c751e8b465ee728b)
Start importing Assets/Scenes/Materials/troncos.mat using Guid(ee9882db69e67c544b1ec12e6245ed5a) Importer(815301076,1909f56bfc062723c751e8b465ee728b)  -> (artifact id: 'bc2493367a33250e088d8aada57fdf63') in 0.013126 seconds 
  Import took 0.017101 seconds .

========================================================================
Received Import Request.
  Time since last request: 44.173132 seconds.
  path: Assets/Scenes/Materials/troncos 2.mat
  artifactKey: Guid(6c7680cebe685504ea763c97a26546dd) Importer(815301076,1909f56bfc062723c751e8b465ee728b)
Start importing Assets/Scenes/Materials/troncos 2.mat using Guid(6c7680cebe685504ea763c97a26546dd) Importer(815301076,1909f56bfc062723c751e8b465ee728b)  -> (artifact id: '617819e07537df2f6a49c54c2354a561') in 0.011024 seconds 
  Import took 0.014703 seconds .

========================================================================
Received Import Request.
  Time since last request: 174.723646 seconds.
  path: Assets/Tree.prefab
  artifactKey: Guid(27a21e37377f3c9429ba16a857f369ed) Importer(815301076,1909f56bfc062723c751e8b465ee728b)
Start importing Assets/Tree.prefab using Guid(27a21e37377f3c9429ba16a857f369ed) Importer(815301076,1909f56bfc062723c751e8b465ee728b)  -> (artifact id: '23a0e05f2d95fbeb8963b5993b8cf587') in 0.221767 seconds 
  Import took 0.224833 seconds .

========================================================================
Received Import Request.
  Time since last request: 5.161601 seconds.
  path: Assets/Tree_Textures
  artifactKey: Guid(1b3e4aad8baa5f84293b775c68da8580) Importer(815301076,1909f56bfc062723c751e8b465ee728b)
Start importing Assets/Tree_Textures using Guid(1b3e4aad8baa5f84293b775c68da8580) Importer(815301076,1909f56bfc062723c751e8b465ee728b)  -> (artifact id: 'c7015ac6c097baadf556f75547bb4e70') in 0.004007 seconds 
  Import took 0.007129 seconds .

========================================================================
Received Import Request.
  Time since last request: 0.100413 seconds.
  path: Assets/Tree_Textures/diffuse.png
  artifactKey: Guid(fde94bc1bfc664b45bc2194c0f057214) Importer(815301076,1909f56bfc062723c751e8b465ee728b)
Start importing Assets/Tree_Textures/diffuse.png using Guid(fde94bc1bfc664b45bc2194c0f057214) Importer(815301076,1909f56bfc062723c751e8b465ee728b)  -> (artifact id: 'f22e673ed836e400c9c7d58137310ea8') in 0.083769 seconds 
  Import took 0.086547 seconds .

========================================================================
Received Import Request.
  Time since last request: 0.000357 seconds.
  path: Assets/Tree_Textures/shadow.png
  artifactKey: Guid(8dae7b9fdccb89f4994d04ce6a445643) Importer(815301076,1909f56bfc062723c751e8b465ee728b)
Start importing Assets/Tree_Textures/shadow.png using Guid(8dae7b9fdccb89f4994d04ce6a445643) Importer(815301076,1909f56bfc062723c751e8b465ee728b)  -> (artifact id: '7e8cc145409ebe870bd134c79051adf3') in 0.009397 seconds 
  Import took 0.011995 seconds .

========================================================================
Received Import Request.
  Time since last request: 0.000404 seconds.
  path: Assets/Tree_Textures/normal_specular.png
  artifactKey: Guid(9c61a6cdeee532241928dfc6fe35ef8f) Importer(815301076,1909f56bfc062723c751e8b465ee728b)
Start importing Assets/Tree_Textures/normal_specular.png using Guid(9c61a6cdeee532241928dfc6fe35ef8f) Importer(815301076,1909f56bfc062723c751e8b465ee728b)  -> (artifact id: '4efdb0b312f04552bc50d363c7abfbe7') in 0.019427 seconds 
  Import took 0.022115 seconds .

========================================================================
Received Import Request.
  Time since last request: 0.000318 seconds.
  path: Assets/Tree_Textures/translucency_gloss.png
  artifactKey: Guid(ec5b646a288e2ba469489324001cf15a) Importer(815301076,1909f56bfc062723c751e8b465ee728b)
Start importing Assets/Tree_Textures/translucency_gloss.png using Guid(ec5b646a288e2ba469489324001cf15a) Importer(815301076,1909f56bfc062723c751e8b465ee728b)  -> (artifact id: '3a65c3ffec1d684010451a1c544a074b') in 0.016485 seconds 
  Import took 0.020183 seconds .

========================================================================
Received Import Request.
  Time since last request: 197.681948 seconds.
  path: Assets/Scenes/Esenas
  artifactKey: Guid(e31e5a07923415147a53d920147fd5c7) Importer(815301076,1909f56bfc062723c751e8b465ee728b)
Start importing Assets/Scenes/Esenas using Guid(e31e5a07923415147a53d920147fd5c7) Importer(815301076,1909f56bfc062723c751e8b465ee728b)  -> (artifact id: '66fc3411004a3bda20aede135c80f6c1') in 0.005168 seconds 
  Import took 0.009149 seconds .

========================================================================
Received Import Request.
  Time since last request: 360.759466 seconds.
  path: Assets/Scenes/Materials/Grass.mat
  artifactKey: Guid(6ed1b7d22dcdabf4897c381edf2b9beb) Importer(815301076,1909f56bfc062723c751e8b465ee728b)
Start importing Assets/Scenes/Materials/Grass.mat using Guid(6ed1b7d22dcdabf4897c381edf2b9beb) Importer(815301076,1909f56bfc062723c751e8b465ee728b)  -> (artifact id: '2f30cc4e9fb7a8ed7a99c3d5ec9cd7d4') in 0.013308 seconds 
  Import took 0.018043 seconds .

========================================================================
Received Import Request.
  Time since last request: 0.000404 seconds.
  path: Assets/Scenes/Materials/Hojas.mat
  artifactKey: Guid(e83fb4edcd61cbb44ad4cee99e47f5e9) Importer(815301076,1909f56bfc062723c751e8b465ee728b)
Start importing Assets/Scenes/Materials/Hojas.mat using Guid(e83fb4edcd61cbb44ad4cee99e47f5e9) Importer(815301076,1909f56bfc062723c751e8b465ee728b)  -> (artifact id: '62e34c4dfb4b055de9989355cc54fae6') in 0.011636 seconds 
  Import took 0.014965 seconds .

========================================================================
Received Import Request.
  Time since last request: 0.000373 seconds.
  path: Assets/Scenes/Materials/troncos 2.mat
  artifactKey: Guid(6c7680cebe685504ea763c97a26546dd) Importer(815301076,1909f56bfc062723c751e8b465ee728b)
Start importing Assets/Scenes/Materials/troncos 2.mat using Guid(6c7680cebe685504ea763c97a26546dd) Importer(815301076,1909f56bfc062723c751e8b465ee728b)  -> (artifact id: 'c3da45a8f59fe6dc82dfa9e63e2535ad') in 0.010406 seconds 
  Import took 0.013742 seconds .

========================================================================
Received Import Request.
  Time since last request: 0.000319 seconds.
  path: Assets/Scenes/Materials/troncos.mat
  artifactKey: Guid(ee9882db69e67c544b1ec12e6245ed5a) Importer(815301076,1909f56bfc062723c751e8b465ee728b)
Start importing Assets/Scenes/Materials/troncos.mat using Guid(ee9882db69e67c544b1ec12e6245ed5a) Importer(815301076,1909f56bfc062723c751e8b465ee728b)  -> (artifact id: 'f37c855890a7f2d2c566ad77b47937e2') in 0.013447 seconds 
  Import took 0.016205 seconds .

AssetImportWorkerClient::OnTransportError - code=2 error=End of file
